<?xml version="1.0" encoding="UTF-8"?>
<robot generator="Robot 3.1.2 (Python 3.7.5 on win32)" generated="20191204 14:41:47.339" rpa="false">
<suite id="s1" name="MC Overall" source="C:\Users\PF1PJ9VB\Desktop\MC\Test Case\MC Overall.robot">
<test id="s1-t1" name="User Earner login">
<kw name="Open MC web">
<msg timestamp="20191204 14:41:47.519" level="FAIL">No keyword with name 'Open MC web' found.</msg>
<status status="FAIL" starttime="20191204 14:41:47.519" endtime="20191204 14:41:47.520"></status>
</kw>
<status status="FAIL" starttime="20191204 14:41:47.516" endtime="20191204 14:41:47.520" critical="yes">No keyword with name 'Open MC web' found.</status>
</test>
<test id="s1-t2" name="User Earner Apply">
<kw name="Search for apply MC">
<msg timestamp="20191204 14:41:47.524" level="FAIL">No keyword with name 'Search for apply MC' found.</msg>
<status status="FAIL" starttime="20191204 14:41:47.524" endtime="20191204 14:41:47.524"></status>
</kw>
<status status="FAIL" starttime="20191204 14:41:47.520" endtime="20191204 14:41:47.524" critical="yes">No keyword with name 'Search for apply MC' found.</status>
</test>
<test id="s1-t3" name="User Earner Check Apply">
<kw name="Go Applied MC">
<msg timestamp="20191204 14:41:47.527" level="FAIL">No keyword with name 'Go Applied MC' found.</msg>
<status status="FAIL" starttime="20191204 14:41:47.527" endtime="20191204 14:41:47.527"></status>
</kw>
<status status="FAIL" starttime="20191204 14:41:47.524" endtime="20191204 14:41:47.527" critical="yes">No keyword with name 'Go Applied MC' found.</status>
</test>
<test id="s1-t4" name="User Earner Submit">
<status status="FAIL" starttime="20191204 14:41:47.528" endtime="20191204 14:41:47.528" critical="yes">Test case contains no keywords.</status>
</test>
<test id="s1-t5" name="User Earner Logout">
<status status="FAIL" starttime="20191204 14:41:47.528" endtime="20191204 14:41:47.528" critical="yes">Test case contains no keywords.</status>
</test>
<test id="s1-t6" name="Wait">
<kw name="Sleep" library="BuiltIn">
<doc>Pauses the test executed for the given time.</doc>
<arguments>
<arg>5</arg>
</arguments>
<msg timestamp="20191204 14:41:52.530" level="INFO">Slept 5 seconds</msg>
<status status="PASS" starttime="20191204 14:41:47.529" endtime="20191204 14:41:52.530"></status>
</kw>
<status status="PASS" starttime="20191204 14:41:47.529" endtime="20191204 14:41:52.531" critical="yes"></status>
</test>
<status status="FAIL" starttime="20191204 14:41:47.354" endtime="20191204 14:41:52.534"></status>
</suite>
<statistics>
<total>
<stat pass="1" fail="5">Critical Tests</stat>
<stat pass="1" fail="5">All Tests</stat>
</total>
<tag>
</tag>
<suite>
<stat pass="1" fail="5" id="s1" name="MC Overall">MC Overall</stat>
</suite>
</statistics>
<errors>
<msg timestamp="20191204 14:41:47.516" level="ERROR">Error in file 'C:\Users\PF1PJ9VB\Desktop\MC\Test Case\MC Overall.robot': Resource file 'C:\Users\PF1PJ9VB\Desktop\MC\Test Case\MC\Variables\Variables.robot' does not exist.</msg>
<msg timestamp="20191204 14:41:47.516" level="ERROR">Error in file 'C:\Users\PF1PJ9VB\Desktop\MC\Test Case\MC Overall.robot': Resource file 'C:\Users\PF1PJ9VB\Desktop\MC\Test Case\Keywords\Keywords.robot' does not exist.</msg>
</errors>
</robot>
