<?xml version="1.0" encoding="UTF-8"?>
<robot generator="Robot 3.1.2 (Python 3.7.5 on win32)" generated="20191206 10:34:47.388" rpa="false">
<suite id="s1" name="MC Overall" source="C:\Users\PF1PJ9VB\Desktop\MC\MC Overall.robot">
<test id="s1-t1" name="User Earner login">
<kw name="Open MC web" library="Keywords">
<kw name="Open Browser" library="Selenium2Library">
<doc>Opens a new browser instance to the given ``url``.</doc>
<arguments>
<arg>${MC_web}</arg>
<arg>${BROWSER}</arg>
</arguments>
<msg timestamp="20191206 10:34:47.574" level="INFO">Opening browser 'chrome' to base url 'https://www.4lifelonglearning.org/'.</msg>
<status status="PASS" starttime="20191206 10:34:47.574" endtime="20191206 10:34:51.483"></status>
</kw>
<kw name="Maximize Browser Window" library="Selenium2Library">
<doc>Maximizes current browser window.</doc>
<status status="PASS" starttime="20191206 10:34:51.483" endtime="20191206 10:34:52.605"></status>
</kw>
<status status="PASS" starttime="20191206 10:34:47.573" endtime="20191206 10:34:52.605"></status>
</kw>
<kw name="login Pimm" library="Keywords">
<kw name="Wait Until Page Contains" library="Selenium2Library">
<doc>Waits until ``text`` appears on current page.</doc>
<arguments>
<arg>Competency-based learning</arg>
</arguments>
<status status="PASS" starttime="20191206 10:34:52.605" endtime="20191206 10:34:52.622"></status>
</kw>
<kw name="Click Element" library="Selenium2Library">
<doc>Click element identified by ``locator``.</doc>
<arguments>
<arg>//a[contains(text(),"Sign in")]</arg>
</arguments>
<msg timestamp="20191206 10:34:52.623" level="INFO">Clicking element '//a[contains(text(),"Sign in")]'.</msg>
<status status="PASS" starttime="20191206 10:34:52.623" endtime="20191206 10:34:54.331"></status>
</kw>
<kw name="Wait Until Page Contains" library="Selenium2Library">
<doc>Waits until ``text`` appears on current page.</doc>
<arguments>
<arg>Don't have an account?</arg>
</arguments>
<status status="PASS" starttime="20191206 10:34:54.331" endtime="20191206 10:34:54.343"></status>
</kw>
<kw name="Input Text" library="Selenium2Library">
<doc>Types the given ``text`` into text field identified by ``locator``.</doc>
<arguments>
<arg>input-email</arg>
<arg>${Email_Earner_Pimm}</arg>
</arguments>
<msg timestamp="20191206 10:34:54.343" level="INFO">Typing text 'jarinya.pimm2@gmail.com' into text field 'input-email'.</msg>
<status status="PASS" starttime="20191206 10:34:54.343" endtime="20191206 10:34:54.545"></status>
</kw>
<kw name="Input Text" library="Selenium2Library">
<doc>Types the given ``text`` into text field identified by ``locator``.</doc>
<arguments>
<arg>input-password</arg>
<arg>${Pass_Earner_Pimm}</arg>
</arguments>
<msg timestamp="20191206 10:34:54.545" level="INFO">Typing text 'Pimm1806' into text field 'input-password'.</msg>
<status status="PASS" starttime="20191206 10:34:54.545" endtime="20191206 10:34:54.620"></status>
</kw>
<kw name="Click Button" library="Selenium2Library">
<doc>Clicks button identified by ``locator``.</doc>
<arguments>
<arg>//button[@class="btn btn-success"]</arg>
</arguments>
<msg timestamp="20191206 10:34:54.621" level="INFO">Clicking button '//button[@class="btn btn-success"]'.</msg>
<status status="PASS" starttime="20191206 10:34:54.620" endtime="20191206 10:34:54.688"></status>
</kw>
<kw name="Wait Until Page Contains" library="Selenium2Library">
<doc>Waits until ``text`` appears on current page.</doc>
<arguments>
<arg>Learn, Grow, Become</arg>
</arguments>
<status status="PASS" starttime="20191206 10:34:54.688" endtime="20191206 10:34:57.174"></status>
</kw>
<status status="PASS" starttime="20191206 10:34:52.605" endtime="20191206 10:34:57.174"></status>
</kw>
<status status="PASS" starttime="20191206 10:34:47.572" endtime="20191206 10:34:57.174" critical="yes"></status>
</test>
<test id="s1-t2" name="User Earner Submit">
<status status="FAIL" starttime="20191206 10:34:57.175" endtime="20191206 10:34:57.175" critical="yes">Test case contains no keywords.</status>
</test>
<test id="s1-t3" name="User Earner Logout">
<status status="FAIL" starttime="20191206 10:34:57.175" endtime="20191206 10:34:57.176" critical="yes">Test case contains no keywords.</status>
</test>
<test id="s1-t4" name="Call database">
<kw name="Connect2" library="database">
<kw name="Connect To Database Using Custom Params" library="DatabaseLibrary">
<doc>Loads the DB API 2.0 module given `dbapiModuleName` then uses it to
connect to the database using the map string `db_custom_param_string`.</doc>
<arguments>
<arg>pymysql</arg>
<arg>user='${DBUser}', password='${DBPass}', host='${DBHost}', port=${DBPort}</arg>
</arguments>
<msg timestamp="20191206 10:34:57.218" level="INFO">Executing : Connect To Database Using Custom Params : pymysql.connect(db_api_2.connect(user='admin', password='2XzffjMJC7ZW', host='mc-develop-services.chnqcpnomaqb.ap-southeast-1.rds.amazonaws.com', port=3306)) </msg>
<status status="PASS" starttime="20191206 10:34:57.178" endtime="20191206 10:34:57.416"></status>
</kw>
<status status="PASS" starttime="20191206 10:34:57.177" endtime="20191206 10:34:57.416"></status>
</kw>
<kw name="Delete DB" library="database">
<kw name="Execute Sql Script" library="DatabaseLibrary">
<doc>Executes the content of the `sqlScriptFileName` as SQL commands. Useful for setting the database to a known
state before running your tests, or clearing out your test data after running each a test. Set optional input
`sansTran` to True to run command without an explicit transaction commit or rollback.</doc>
<arguments>
<arg>C:\\Users\\PF1PJ9VB\\Desktop\\MC\\Database/delete.sql</arg>
</arguments>
<msg timestamp="20191206 10:34:57.417" level="INFO">Executing : Execute SQL Script  |  C:\Users\PF1PJ9VB\Desktop\MC\Database/delete.sql </msg>
<status status="PASS" starttime="20191206 10:34:57.417" endtime="20191206 10:34:57.635"></status>
</kw>
<status status="PASS" starttime="20191206 10:34:57.416" endtime="20191206 10:34:57.635"></status>
</kw>
<status status="PASS" starttime="20191206 10:34:57.176" endtime="20191206 10:34:57.636" critical="yes"></status>
</test>
<test id="s1-t5" name="Wait">
<kw name="Sleep" library="BuiltIn">
<doc>Pauses the test executed for the given time.</doc>
<arguments>
<arg>5</arg>
</arguments>
<msg timestamp="20191206 10:35:02.637" level="INFO">Slept 5 seconds</msg>
<status status="PASS" starttime="20191206 10:34:57.636" endtime="20191206 10:35:02.638"></status>
</kw>
<status status="PASS" starttime="20191206 10:34:57.636" endtime="20191206 10:35:02.638" critical="yes"></status>
</test>
<status status="FAIL" starttime="20191206 10:34:47.390" endtime="20191206 10:35:02.640"></status>
</suite>
<statistics>
<total>
<stat pass="3" fail="2">Critical Tests</stat>
<stat pass="3" fail="2">All Tests</stat>
</total>
<tag>
</tag>
<suite>
<stat pass="3" fail="2" id="s1" name="MC Overall">MC Overall</stat>
</suite>
</statistics>
<errors>
<msg timestamp="20191206 10:34:47.556" level="ERROR">Error in file 'C:\Users\PF1PJ9VB\Desktop\MC\Keywords\Keywords.robot': Resource file 'Variables.robot' does not exist.</msg>
</errors>
</robot>
